  Group.cpp
c:\users\savannadenegamachado\source\repos\cg\- projetocg-gb\novo-gb\parametriccurves\group.h(71): warning C4267: 'return': conversão de 'size_t' para 'GLint', possível perda de dados
  main.cpp
c:\users\savannadenegamachado\source\repos\cg\- projetocg-gb\novo-gb\parametriccurves\group.h(71): warning C4267: 'return': conversão de 'size_t' para 'GLint', possível perda de dados
c:\users\savannadenegamachado\source\repos\cg\- projetocg-gb\novo-gb\parametriccurves\objreader.h(101): warning C4244: '=': conversão de 'double' para 'float', possível perda de dados
c:\users\savannadenegamachado\source\repos\cg\- projetocg-gb\novo-gb\parametriccurves\objreader.h(230): warning C4101: 'e': variável local não referenciada
c:\users\savannadenegamachado\source\repos\cg\- projetocg-gb\novo-gb\parametriccurves\main.cpp(146): warning C4244: 'inicializando': conversão de 'double' para 'GLfloat', possível perda de dados
c:\users\savannadenegamachado\source\repos\cg\- projetocg-gb\novo-gb\parametriccurves\main.cpp(255): warning C4244: '=': conversão de 'double' para 'float', possível perda de dados
c:\users\savannadenegamachado\source\repos\cg\- projetocg-gb\novo-gb\parametriccurves\main.cpp(256): warning C4244: '=': conversão de 'double' para 'float', possível perda de dados
c:\users\savannadenegamachado\source\repos\cg\- projetocg-gb\novo-gb\parametriccurves\main.cpp(260): warning C4244: 'inicializando': conversão de 'double' para 'float', possível perda de dados
c:\users\savannadenegamachado\source\repos\cg\- projetocg-gb\novo-gb\parametriccurves\main.cpp(261): warning C4244: 'inicializando': conversão de 'double' para 'float', possível perda de dados
c:\users\savannadenegamachado\source\repos\cg\- projetocg-gb\novo-gb\parametriccurves\main.cpp(263): warning C4244: '=': conversão de 'double' para 'float', possível perda de dados
c:\users\savannadenegamachado\source\repos\cg\- projetocg-gb\novo-gb\parametriccurves\main.cpp(264): warning C4244: '=': conversão de 'double' para 'float', possível perda de dados
c:\users\savannadenegamachado\source\repos\cg\- projetocg-gb\novo-gb\parametriccurves\main.cpp(273): warning C4244: 'argumento': conversão de 'double' para 'float', possível perda de dados
c:\users\savannadenegamachado\source\repos\cg\- projetocg-gb\novo-gb\parametriccurves\main.cpp(320): warning C4101: 'e': variável local não referenciada
  Mesh.cpp
c:\users\savannadenegamachado\source\repos\cg\- projetocg-gb\novo-gb\parametriccurves\group.h(71): warning C4267: 'return': conversão de 'size_t' para 'GLint', possível perda de dados
  Shader.cpp
  Texture.cpp
  Gerando Código...
Group.obj : error LNK2001: símbolos externos indefinidos __imp___glewActiveTexture
Group.obj : error LNK2001: símbolos externos indefinidos __imp___glewBindBuffer
Group.obj : error LNK2001: símbolos externos indefinidos __imp___glewBufferData
Group.obj : error LNK2001: símbolos externos indefinidos __imp___glewGenBuffers
Group.obj : error LNK2001: símbolos externos indefinidos __imp___glewEnableVertexAttribArray
Group.obj : error LNK2001: símbolos externos indefinidos __imp___glewUniform1f
Group.obj : error LNK2001: símbolos externos indefinidos __imp___glewUniform1i
Group.obj : error LNK2001: símbolos externos indefinidos __imp___glewUniform3f
Group.obj : error LNK2001: símbolos externos indefinidos __imp___glewVertexAttribPointer
Group.obj : error LNK2001: símbolos externos indefinidos __imp___glewBindVertexArray
Group.obj : error LNK2001: símbolos externos indefinidos __imp___glewGenVertexArrays
main.obj : error LNK2019: símbolo externo indefinido glewInit referenciado na função main
main.obj : error LNK2019: símbolo externo indefinido glfwInit referenciado na função main
main.obj : error LNK2019: símbolo externo indefinido glfwTerminate referenciado na função main
main.obj : error LNK2019: símbolo externo indefinido glfwWindowHint referenciado na função main
main.obj : error LNK2019: símbolo externo indefinido glfwCreateWindow referenciado na função main
main.obj : error LNK2019: símbolo externo indefinido glfwWindowShouldClose referenciado na função main
main.obj : error LNK2019: símbolo externo indefinido glfwSetWindowShouldClose referenciado na função "void __cdecl processInput(struct GLFWwindow *)" (?processInput@@YAXPEAUGLFWwindow@@@Z)
main.obj : error LNK2019: símbolo externo indefinido glfwGetFramebufferSize referenciado na função main
main.obj : error LNK2019: símbolo externo indefinido glfwSetFramebufferSizeCallback referenciado na função main
main.obj : error LNK2019: símbolo externo indefinido glfwPollEvents referenciado na função main
main.obj : error LNK2019: símbolo externo indefinido glfwGetKey referenciado na função "void __cdecl processInput(struct GLFWwindow *)" (?processInput@@YAXPEAUGLFWwindow@@@Z)
main.obj : error LNK2019: símbolo externo indefinido glfwSetCursorPosCallback referenciado na função main
main.obj : error LNK2019: símbolo externo indefinido glfwSetScrollCallback referenciado na função main
main.obj : error LNK2019: símbolo externo indefinido glfwGetTime referenciado na função main
main.obj : error LNK2019: símbolo externo indefinido glfwMakeContextCurrent referenciado na função main
main.obj : error LNK2019: símbolo externo indefinido glfwSwapBuffers referenciado na função main
main.obj : error LNK2001: símbolos externos indefinidos __glewAttachShader
main.obj : error LNK2001: símbolos externos indefinidos __glewCompileShader
main.obj : error LNK2001: símbolos externos indefinidos __glewCreateProgram
main.obj : error LNK2001: símbolos externos indefinidos __glewCreateShader
main.obj : error LNK2001: símbolos externos indefinidos __glewDeleteProgram
main.obj : error LNK2001: símbolos externos indefinidos __glewDeleteShader
main.obj : error LNK2001: símbolos externos indefinidos __glewGetProgramInfoLog
main.obj : error LNK2001: símbolos externos indefinidos __glewGetProgramiv
main.obj : error LNK2001: símbolos externos indefinidos __glewGetShaderInfoLog
main.obj : error LNK2001: símbolos externos indefinidos __glewGetShaderiv
main.obj : error LNK2001: símbolos externos indefinidos __glewGetUniformLocation
main.obj : error LNK2001: símbolos externos indefinidos __glewLinkProgram
main.obj : error LNK2001: símbolos externos indefinidos __glewShaderSource
main.obj : error LNK2001: símbolos externos indefinidos __glewUniform1i
main.obj : error LNK2001: símbolos externos indefinidos __glewUniformMatrix4fv
main.obj : error LNK2001: símbolos externos indefinidos __glewUseProgram
main.obj : error LNK2001: símbolos externos indefinidos __glewBindVertexArray
main.obj : error LNK2001: símbolos externos indefinidos glewExperimental
Shader.obj : error LNK2001: símbolos externos indefinidos __imp___glewGetAttribLocation
Shader.obj : error LNK2001: símbolos externos indefinidos __imp___glewGetUniformLocation
Texture.obj : error LNK2019: símbolo externo indefinido SOIL_load_image referenciado na função "private: static unsigned char * __cdecl Texture::LoadImage(char *)" (?LoadImage@Texture@@CAPEAEPEAD@Z)
Texture.obj : error LNK2019: símbolo externo indefinido SOIL_free_image_data referenciado na função "private: static unsigned char * __cdecl Texture::LoadImage(char *)" (?LoadImage@Texture@@CAPEAEPEAD@Z)
Texture.obj : error LNK2001: símbolos externos indefinidos __imp___glewGenerateMipmap
..\External\glfw\lib-vc2015\glfw3.lib : warning LNK4272: o tipo de máquina da biblioteca 'x86' está em conflito com o tipo de máquina de destino 'x64'
..\External\glew\lib\Release\Win32\glew32s.lib : warning LNK4272: o tipo de máquina da biblioteca 'x86' está em conflito com o tipo de máquina de destino 'x64'
..\External\glut\lib\glut32.lib : warning LNK4272: o tipo de máquina da biblioteca 'x86' está em conflito com o tipo de máquina de destino 'x64'
..\External\SOIL2\lib\soil2-debug.lib : warning LNK4272: o tipo de máquina da biblioteca 'x86' está em conflito com o tipo de máquina de destino 'x64'
C:\Users\SavannaDenegaMachado\source\repos\CG\- ProjetoCG-GB\novo-gb\x64\Debug\08_objReader.exe : fatal error LNK1120: 50 externo não resolvidos
